2026-01-17T12:11:51.617Z INFO    plugin-clnrest.py: Killing plugin: disabled itself: No module named 'gunicorn'
2026-01-17T12:11:51.621Z INFO    lightningd: Creating database
2026-01-17T12:11:51.648Z UNUSUAL hsmd: HSM: created new hsm_secret file
2026-01-17T12:11:51.654Z INFO    plugin-bcli: bitcoin-cli initialized and connected to bitcoind.
2026-01-17T12:11:51.655Z UNUSUAL lightningd: Waiting for initial block download (this can take a while!)
2026-01-17T12:11:51.663Z INFO    plugin-chanbackup: Creating Emergency Recovery
2026-01-17T12:11:51.665Z INFO    plugin-bookkeeper: Creating database
2026-01-17T12:11:51.665Z INFO    lightningd: --------------------------------------------------
2026-01-17T12:11:51.665Z INFO    lightningd: Server started with public key 03b19daff0fb9292b0260dc16333ea6a98e92daa9418299e0c271574dfa525f13d, alias SLEEPYENTOURAGE (color #03b19d) and lightningd v23.08.1
2026-01-17T12:11:51.748Z INFO    plugin-bookkeeper: account wallet not found, adding along with new balance
2026-01-17T12:12:59.242Z UNUSUAL lightningd: Bitcoin backend now synced.




2026-01-17T12:21:50.376Z INFO    plugin-clnrest.py: Killing plugin: disabled itself: No module named 'gunicorn'
2026-01-17T12:21:50.388Z INFO    plugin-bcli: bitcoin-cli initialized and connected to bitcoind.
2026-01-17T12:21:50.390Z UNUSUAL lightningd: Waiting for initial block download (this can take a while!)
2026-01-17T12:21:50.398Z INFO    lightningd: --------------------------------------------------
2026-01-17T12:21:50.398Z INFO    lightningd: Server started with public key 03b19daff0fb9292b0260dc16333ea6a98e92daa9418299e0c271574dfa525f13d, alias SLEEPYENTOURAGE (color #03b19d) and lightningd v23.08.1
2026-01-17T12:21:50.470Z UNUSUAL plugin-bookkeeper: Snapshot balance does not equal ondisk reported 0msat, off by (+0msat/-0msat) (account wallet) Logging journal entry.
2026-01-17T12:22:27.930Z UNUSUAL lightningd: Bitcoin backend now synced.




2026-01-17T12:26:53.719Z INFO    plugin-clnrest.py: Killing plugin: disabled itself: No module named 'gunicorn'
2026-01-17T12:26:53.731Z INFO    plugin-bcli: bitcoin-cli initialized and connected to bitcoind.
2026-01-17T12:26:53.733Z UNUSUAL lightningd: Waiting for initial block download (this can take a while!)
2026-01-17T12:26:53.741Z INFO    lightningd: --------------------------------------------------
2026-01-17T12:26:53.741Z INFO    lightningd: Server started with public key 03b19daff0fb9292b0260dc16333ea6a98e92daa9418299e0c271574dfa525f13d, alias SLEEPYENTOURAGE (color #03b19d) and lightningd v23.08.1
2026-01-17T12:26:53.812Z UNUSUAL plugin-bookkeeper: Snapshot balance does not equal ondisk reported 0msat, off by (+0msat/-0msat) (account wallet) Logging journal entry.
2026-01-17T12:27:31.272Z UNUSUAL lightningd: Bitcoin backend now synced.




2026-01-18T13:38:16.726Z INFO    plugin-clnrest.py: Killing plugin: disabled itself: No module named 'gunicorn'
2026-01-18T13:38:16.737Z INFO    plugin-bcli: bitcoin-cli initialized and connected to bitcoind.
2026-01-18T13:38:16.739Z UNUSUAL lightningd: Waiting for initial block download (this can take a while!)
2026-01-18T13:38:16.749Z INFO    lightningd: --------------------------------------------------
2026-01-18T13:38:16.749Z INFO    lightningd: Server started with public key 03b19daff0fb9292b0260dc16333ea6a98e92daa9418299e0c271574dfa525f13d, alias SLEEPYENTOURAGE (color #03b19d) and lightningd v23.08.1
2026-01-18T13:38:16.812Z UNUSUAL plugin-bookkeeper: Snapshot balance does not equal ondisk reported 0msat, off by (+0msat/-0msat) (account wallet) Logging journal entry.




2026-01-18T13:41:58.231Z INFO    plugin-clnrest.py: Killing plugin: disabled itself: No module named 'gunicorn'
2026-01-18T13:41:58.244Z INFO    plugin-bcli: bitcoin-cli initialized and connected to bitcoind.
2026-01-18T13:41:58.246Z UNUSUAL lightningd: Waiting for initial block download (this can take a while!)
2026-01-18T13:41:58.260Z INFO    lightningd: --------------------------------------------------
2026-01-18T13:41:58.260Z INFO    lightningd: Server started with public key 03b19daff0fb9292b0260dc16333ea6a98e92daa9418299e0c271574dfa525f13d, alias SLEEPYENTOURAGE (color #03b19d) and lightningd v23.08.1
2026-01-18T13:41:58.353Z UNUSUAL plugin-bookkeeper: Snapshot balance does not equal ondisk reported 0msat, off by (+0msat/-0msat) (account wallet) Logging journal entry.




2026-01-18T13:59:47.086Z INFO    plugin-clnrest.py: Killing plugin: disabled itself: No module named 'gunicorn'
2026-01-18T13:59:47.097Z INFO    plugin-bcli: bitcoin-cli initialized and connected to bitcoind.
2026-01-18T13:59:47.100Z UNUSUAL lightningd: Waiting for initial block download (this can take a while!)
2026-01-18T13:59:47.111Z INFO    lightningd: --------------------------------------------------
2026-01-18T13:59:47.111Z INFO    lightningd: Server started with public key 03b19daff0fb9292b0260dc16333ea6a98e92daa9418299e0c271574dfa525f13d, alias SLEEPYENTOURAGE (color #03b19d) and lightningd v23.08.1
2026-01-18T13:59:47.201Z UNUSUAL plugin-bookkeeper: Snapshot balance does not equal ondisk reported 0msat, off by (+0msat/-0msat) (account wallet) Logging journal entry.




2026-01-18T14:01:47.835Z INFO    plugin-clnrest.py: Killing plugin: disabled itself: No module named 'gunicorn'
2026-01-18T14:01:47.847Z INFO    plugin-bcli: bitcoin-cli initialized and connected to bitcoind.
2026-01-18T14:01:47.850Z UNUSUAL lightningd: Waiting for initial block download (this can take a while!)
2026-01-18T14:01:47.863Z INFO    lightningd: --------------------------------------------------
2026-01-18T14:01:47.863Z INFO    lightningd: Server started with public key 03b19daff0fb9292b0260dc16333ea6a98e92daa9418299e0c271574dfa525f13d, alias SLEEPYENTOURAGE (color #03b19d) and lightningd v23.08.1
2026-01-18T14:01:47.948Z UNUSUAL plugin-bookkeeper: Snapshot balance does not equal ondisk reported 0msat, off by (+0msat/-0msat) (account wallet) Logging journal entry.
2026-01-18T14:20:19.513Z UNUSUAL lightningd: Bitcoin backend now synced.




2026-01-18T14:27:51.029Z INFO    plugin-clnrest.py: Killing plugin: disabled itself: No module named 'gunicorn'
2026-01-18T14:27:51.040Z INFO    plugin-bcli: bitcoin-cli initialized and connected to bitcoind.
2026-01-18T14:27:51.042Z UNUSUAL lightningd: Waiting for initial block download (this can take a while!)
2026-01-18T14:27:51.051Z INFO    lightningd: --------------------------------------------------
2026-01-18T14:27:51.051Z INFO    lightningd: Server started with public key 03b19daff0fb9292b0260dc16333ea6a98e92daa9418299e0c271574dfa525f13d, alias SLEEPYENTOURAGE (color #03b19d) and lightningd v23.08.1
2026-01-18T14:27:51.098Z UNUSUAL plugin-bookkeeper: Snapshot balance does not equal ondisk reported 0msat, off by (+0msat/-0msat) (account wallet) Logging journal entry.
2026-01-18T14:28:36.104Z UNUSUAL lightningd: Bitcoin backend now synced.




2026-01-18T14:35:27.848Z INFO    plugin-clnrest.py: Killing plugin: disabled itself: No module named 'gunicorn'
2026-01-18T14:35:27.860Z INFO    plugin-bcli: bitcoin-cli initialized and connected to bitcoind.
2026-01-18T14:35:27.862Z UNUSUAL lightningd: Waiting for initial block download (this can take a while!)
2026-01-18T14:35:27.870Z INFO    lightningd: --------------------------------------------------
2026-01-18T14:35:27.870Z INFO    lightningd: Server started with public key 03b19daff0fb9292b0260dc16333ea6a98e92daa9418299e0c271574dfa525f13d, alias SLEEPYENTOURAGE (color #03b19d) and lightningd v23.08.1
2026-01-18T14:35:27.950Z UNUSUAL plugin-bookkeeper: Snapshot balance does not equal ondisk reported 0msat, off by (+0msat/-0msat) (account wallet) Logging journal entry.
2026-01-18T14:35:57.903Z UNUSUAL lightningd: Bitcoin backend now synced.




2026-01-18T14:37:39.275Z INFO    plugin-clnrest.py: Killing plugin: disabled itself: No module named 'gunicorn'
2026-01-18T14:37:39.286Z INFO    plugin-bcli: bitcoin-cli initialized and connected to bitcoind.
2026-01-18T14:37:39.289Z UNUSUAL lightningd: Waiting for initial block download (this can take a while!)
2026-01-18T14:37:39.298Z INFO    lightningd: --------------------------------------------------
2026-01-18T14:37:39.298Z INFO    lightningd: Server started with public key 03b19daff0fb9292b0260dc16333ea6a98e92daa9418299e0c271574dfa525f13d, alias SLEEPYENTOURAGE (color #03b19d) and lightningd v23.08.1
2026-01-18T14:37:39.377Z UNUSUAL plugin-bookkeeper: Snapshot balance does not equal ondisk reported 0msat, off by (+0msat/-0msat) (account wallet) Logging journal entry.




2026-01-18T14:41:43.921Z INFO    plugin-clnrest.py: Killing plugin: disabled itself: No module named 'gunicorn'
2026-01-18T14:41:43.933Z INFO    plugin-bcli: bitcoin-cli initialized and connected to bitcoind.
2026-01-18T14:41:43.935Z UNUSUAL lightningd: Waiting for initial block download (this can take a while!)
2026-01-18T14:41:43.948Z INFO    lightningd: --------------------------------------------------
2026-01-18T14:41:43.948Z INFO    lightningd: Server started with public key 03b19daff0fb9292b0260dc16333ea6a98e92daa9418299e0c271574dfa525f13d, alias SLEEPYENTOURAGE (color #03b19d) and lightningd v23.08.1
2026-01-18T14:41:44.038Z UNUSUAL plugin-bookkeeper: Snapshot balance does not equal ondisk reported 0msat, off by (+0msat/-0msat) (account wallet) Logging journal entry.




2026-01-18T14:42:45.191Z INFO    plugin-clnrest.py: Killing plugin: disabled itself: No module named 'gunicorn'
2026-01-18T14:42:45.203Z INFO    plugin-bcli: bitcoin-cli initialized and connected to bitcoind.
2026-01-18T14:42:45.205Z UNUSUAL lightningd: Waiting for initial block download (this can take a while!)
2026-01-18T14:42:45.217Z INFO    lightningd: --------------------------------------------------
2026-01-18T14:42:45.217Z INFO    lightningd: Server started with public key 03b19daff0fb9292b0260dc16333ea6a98e92daa9418299e0c271574dfa525f13d, alias SLEEPYENTOURAGE (color #03b19d) and lightningd v23.08.1
2026-01-18T14:42:45.305Z UNUSUAL plugin-bookkeeper: Snapshot balance does not equal ondisk reported 0msat, off by (+0msat/-0msat) (account wallet) Logging journal entry.




2026-01-18T14:43:56.457Z INFO    plugin-clnrest.py: Killing plugin: disabled itself: No module named 'gunicorn'
2026-01-18T14:43:56.469Z INFO    plugin-bcli: bitcoin-cli initialized and connected to bitcoind.
2026-01-18T14:43:56.472Z UNUSUAL lightningd: Waiting for initial block download (this can take a while!)
2026-01-18T14:43:56.485Z INFO    lightningd: --------------------------------------------------
2026-01-18T14:43:56.485Z INFO    lightningd: Server started with public key 03b19daff0fb9292b0260dc16333ea6a98e92daa9418299e0c271574dfa525f13d, alias SLEEPYENTOURAGE (color #03b19d) and lightningd v23.08.1
2026-01-18T14:43:56.576Z UNUSUAL plugin-bookkeeper: Snapshot balance does not equal ondisk reported 0msat, off by (+0msat/-0msat) (account wallet) Logging journal entry.




2026-01-18T14:45:08.588Z INFO    plugin-clnrest.py: Killing plugin: disabled itself: No module named 'gunicorn'
2026-01-18T14:45:08.599Z INFO    plugin-bcli: bitcoin-cli initialized and connected to bitcoind.
2026-01-18T14:45:08.602Z UNUSUAL lightningd: Waiting for initial block download (this can take a while!)
2026-01-18T14:45:08.614Z INFO    lightningd: --------------------------------------------------
2026-01-18T14:45:08.614Z INFO    lightningd: Server started with public key 03b19daff0fb9292b0260dc16333ea6a98e92daa9418299e0c271574dfa525f13d, alias SLEEPYENTOURAGE (color #03b19d) and lightningd v23.08.1
2026-01-18T14:45:08.701Z UNUSUAL plugin-bookkeeper: Snapshot balance does not equal ondisk reported 0msat, off by (+0msat/-0msat) (account wallet) Logging journal entry.
2026-01-18T14:45:46.155Z UNUSUAL lightningd: Bitcoin backend now synced.




2026-01-23T11:18:21.081Z INFO    plugin-clnrest.py: Killing plugin: disabled itself: No module named 'gunicorn'
2026-01-23T11:18:21.094Z INFO    plugin-bcli: bitcoin-cli initialized and connected to bitcoind.
2026-01-23T11:18:21.095Z UNUSUAL lightningd: Waiting for initial block download (this can take a while!)
2026-01-23T11:18:21.104Z INFO    lightningd: --------------------------------------------------
2026-01-23T11:18:21.104Z INFO    lightningd: Server started with public key 03b19daff0fb9292b0260dc16333ea6a98e92daa9418299e0c271574dfa525f13d, alias SLEEPYENTOURAGE (color #03b19d) and lightningd v23.08.1




2026-02-18T19:06:34.501Z INFO    plugin-clnrest.py: Killing plugin: disabled itself: No module named 'gunicorn'
2026-02-18T19:06:34.514Z INFO    plugin-bcli: bitcoin-cli initialized and connected to bitcoind.
2026-02-18T19:06:34.516Z UNUSUAL lightningd: Waiting for initial block download (this can take a while!)
2026-02-18T19:06:34.530Z INFO    lightningd: --------------------------------------------------
2026-02-18T19:06:34.530Z INFO    lightningd: Server started with public key 03b19daff0fb9292b0260dc16333ea6a98e92daa9418299e0c271574dfa525f13d, alias SLEEPYENTOURAGE (color #03b19d) and lightningd v23.08.1
2026-02-18T19:06:34.628Z UNUSUAL plugin-bookkeeper: Snapshot balance does not equal ondisk reported 0msat, off by (+0msat/-0msat) (account wallet) Logging journal entry.




2026-02-18T19:11:27.357Z INFO    plugin-clnrest.py: Killing plugin: disabled itself: No module named 'gunicorn'
2026-02-18T19:11:27.370Z INFO    plugin-bcli: bitcoin-cli initialized and connected to bitcoind.
2026-02-18T19:11:27.372Z UNUSUAL lightningd: Waiting for initial block download (this can take a while!)
2026-02-18T19:11:27.387Z INFO    lightningd: --------------------------------------------------
2026-02-18T19:11:27.387Z INFO    lightningd: Server started with public key 03b19daff0fb9292b0260dc16333ea6a98e92daa9418299e0c271574dfa525f13d, alias SLEEPYENTOURAGE (color #03b19d) and lightningd v23.08.1
2026-02-18T19:11:27.472Z UNUSUAL plugin-bookkeeper: Snapshot balance does not equal ondisk reported 0msat, off by (+0msat/-0msat) (account wallet) Logging journal entry.




2026-02-18T19:12:56.455Z INFO    plugin-clnrest.py: Killing plugin: disabled itself: No module named 'gunicorn'
2026-02-18T19:12:56.468Z INFO    plugin-bcli: bitcoin-cli initialized and connected to bitcoind.
2026-02-18T19:12:56.471Z UNUSUAL lightningd: Waiting for initial block download (this can take a while!)
2026-02-18T19:12:56.486Z INFO    lightningd: --------------------------------------------------
2026-02-18T19:12:56.486Z INFO    lightningd: Server started with public key 03b19daff0fb9292b0260dc16333ea6a98e92daa9418299e0c271574dfa525f13d, alias SLEEPYENTOURAGE (color #03b19d) and lightningd v23.08.1
2026-02-18T19:12:56.572Z UNUSUAL plugin-bookkeeper: Snapshot balance does not equal ondisk reported 0msat, off by (+0msat/-0msat) (account wallet) Logging journal entry.




2026-02-18T19:13:08.484Z INFO    plugin-clnrest.py: Killing plugin: disabled itself: No module named 'gunicorn'
2026-02-18T19:13:08.497Z INFO    plugin-bcli: bitcoin-cli initialized and connected to bitcoind.
2026-02-18T19:13:08.499Z UNUSUAL lightningd: Waiting for initial block download (this can take a while!)
2026-02-18T19:13:08.513Z INFO    lightningd: --------------------------------------------------
2026-02-18T19:13:08.513Z INFO    lightningd: Server started with public key 03b19daff0fb9292b0260dc16333ea6a98e92daa9418299e0c271574dfa525f13d, alias SLEEPYENTOURAGE (color #03b19d) and lightningd v23.08.1
2026-02-18T19:13:08.597Z UNUSUAL plugin-bookkeeper: Snapshot balance does not equal ondisk reported 0msat, off by (+0msat/-0msat) (account wallet) Logging journal entry.




2026-02-19T11:15:34.197Z INFO    plugin-clnrest.py: Killing plugin: disabled itself: No module named 'gunicorn'
2026-02-19T11:15:34.209Z INFO    plugin-bcli: bitcoin-cli initialized and connected to bitcoind.
2026-02-19T11:15:34.212Z UNUSUAL lightningd: Waiting for initial block download (this can take a while!)
2026-02-19T11:15:34.225Z INFO    lightningd: --------------------------------------------------
2026-02-19T11:15:34.225Z INFO    lightningd: Server started with public key 03b19daff0fb9292b0260dc16333ea6a98e92daa9418299e0c271574dfa525f13d, alias SLEEPYENTOURAGE (color #03b19d) and lightningd v23.08.1
2026-02-19T11:15:34.322Z UNUSUAL plugin-bookkeeper: Snapshot balance does not equal ondisk reported 0msat, off by (+0msat/-0msat) (account wallet) Logging journal entry.
2026-02-19T11:34:05.868Z UNUSUAL lightningd: Bitcoin backend now synced.
